<?xml version="1.0" encoding="UTF-8"?>
<!-- Generated by org.testng.reporters.JUnitReportReporter -->
<testsuite hostname="DESKTOP-6SPG18E" name="basic.SampleTest" tests="1" failures="0" timestamp="9 Jan 2018 14:27:34 GMT" time="0.031" errors="0">
  <testcase name="f" time="0.031" classname="basic.SampleTest"/>
</testsuite> <!-- basic.SampleTest -->
